  DX11PhysicsFramework.cpp
C:\Users\Bobbic\School Work\Year 2\Physics-Framework\Physics Framework\DX11PhysicsFramework\Vector3.h(96,14): warning C4244: 'return': conversion from 'double' to 'float', possible loss of data
C:\Users\Bobbic\School Work\Year 2\Physics-Framework\Physics Framework\DX11PhysicsFramework\DX11PhysicsFramework.cpp(84,75): warning C4100: 'nCmdShow': unreferenced formal parameter
C:\Users\Bobbic\School Work\Year 2\Physics-Framework\Physics Framework\DX11PhysicsFramework\DX11PhysicsFramework.cpp(441,31): warning C4305: '=': truncation from 'int' to 'FLOAT'
C:\Users\Bobbic\School Work\Year 2\Physics-Framework\Physics Framework\DX11PhysicsFramework\DX11PhysicsFramework.cpp(542,65): error C2027: use of undefined type 'SphereCollider'
C:\Users\Bobbic\School Work\Year 2\Physics-Framework\Physics Framework\DX11PhysicsFramework\Collider.h(4,7): message : see declaration of 'SphereCollider'
C:\Users\Bobbic\School Work\Year 2\Physics-Framework\Physics Framework\DX11PhysicsFramework\DX11PhysicsFramework.cpp(543,65): error C2027: use of undefined type 'SphereCollider'
C:\Users\Bobbic\School Work\Year 2\Physics-Framework\Physics Framework\DX11PhysicsFramework\Collider.h(4,7): message : see declaration of 'SphereCollider'
  Main.cpp
C:\Users\Bobbic\School Work\Year 2\Physics-Framework\Physics Framework\DX11PhysicsFramework\Vector3.h(96,14): warning C4244: 'return': conversion from 'double' to 'float', possible loss of data
C:\Users\Bobbic\School Work\Year 2\Physics-Framework\Physics Framework\DX11PhysicsFramework\Debug.h(16,12): warning C4505: 'DebugPrintF': unreferenced function with internal linkage has been removed
  GameObject.cpp
C:\Users\Bobbic\School Work\Year 2\Physics-Framework\Physics Framework\DX11PhysicsFramework\Vector3.h(96,14): warning C4244: 'return': conversion from 'double' to 'float', possible loss of data
C:\Users\Bobbic\School Work\Year 2\Physics-Framework\Physics Framework\DX11PhysicsFramework\GameObject.cpp(26,40): warning C4238: nonstandard extension used: class rvalue used as lvalue
  ParticleModel.cpp
C:\Users\Bobbic\School Work\Year 2\Physics-Framework\Physics Framework\DX11PhysicsFramework\Vector3.h(96,14): warning C4244: 'return': conversion from 'double' to 'float', possible loss of data
C:\Users\Bobbic\School Work\Year 2\Physics-Framework\Physics Framework\DX11PhysicsFramework\ParticleModel.cpp(3,77): warning C4100: 'pertubation': unreferenced formal parameter
  PhysicsModel.cpp
C:\Users\Bobbic\School Work\Year 2\Physics-Framework\Physics Framework\DX11PhysicsFramework\Vector3.h(96,14): warning C4244: 'return': conversion from 'double' to 'float', possible loss of data
C:\Users\Bobbic\School Work\Year 2\Physics-Framework\Physics Framework\DX11PhysicsFramework\PhysicsModel.cpp(12,3): warning C5205: delete of an abstract class 'Collider' that has a non-virtual destructor results in undefined behavior
C:\Users\Bobbic\School Work\Year 2\Physics-Framework\Physics Framework\DX11PhysicsFramework\Collider.h(6,7): message : see declaration of 'Collider'
  RigidBody.cpp
C:\Users\Bobbic\School Work\Year 2\Physics-Framework\Physics Framework\DX11PhysicsFramework\Vector3.h(96,14): warning C4244: 'return': conversion from 'double' to 'float', possible loss of data
  Generating Code...
